<?xml version="1.0" encoding="UTF-8"?>
<!-- Generated by org.testng.reporters.JUnitReportReporter -->
<testsuite hostname="DESKTOP-NQ2L7NS" failures="0" tests="12" name="api.test.UserTestDD" time="21.856" errors="0" timestamp="2024-06-07T13:22:58 IST" skipped="0">
  <testcase classname="api.test.UserTestDD" name="testpostuserDD" time="1.481"/>
  <system-out/>
  <testcase classname="api.test.UserTestDD" name="testpostuserDD" time="1.375"/>
  <system-out/>
  <testcase classname="api.test.UserTestDD" name="testpostuserDD" time="1.508"/>
  <system-out/>
  <testcase classname="api.test.UserTestDD" name="testpostuserDD" time="5.602"/>
  <system-out/>
  <testcase classname="api.test.UserTestDD" name="testgetuserDD" time="1.529"/>
  <system-out/>
  <testcase classname="api.test.UserTestDD" name="testgetuserDD" time="1.484"/>
  <system-out/>
  <testcase classname="api.test.UserTestDD" name="testgetuserDD" time="1.642"/>
  <system-out/>
  <testcase classname="api.test.UserTestDD" name="testgetuserDD" time="1.435"/>
  <system-out/>
  <testcase classname="api.test.UserTestDD" name="testdeleteuserDD" time="1.431"/>
  <system-out/>
  <testcase classname="api.test.UserTestDD" name="testdeleteuserDD" time="1.429"/>
  <system-out/>
  <testcase classname="api.test.UserTestDD" name="testdeleteuserDD" time="1.509"/>
  <system-out/>
  <testcase classname="api.test.UserTestDD" name="testdeleteuserDD" time="1.431"/>
  <system-out/>
</testsuite> <!-- api.test.UserTestDD -->
