<?xml version="1.0" encoding="UTF-8"?>
<!-- Generated by org.testng.reporters.JUnitReportReporter -->
<testsuite hostname="DESKTOP-NQ2L7NS" failures="0" tests="4" name="api.test.UserTest" time="7.513" errors="0" timestamp="2024-06-14T15:03:04 IST" skipped="0">
  <testcase classname="api.test.UserTest" name="postuser" time="2.723"/>
  <system-out/>
  <testcase classname="api.test.UserTest" name="getuser" time="1.203"/>
  <system-out/>
  <testcase classname="api.test.UserTest" name="updateuser" time="2.380"/>
  <system-out/>
  <testcase classname="api.test.UserTest" name="deleteuser" time="1.207"/>
  <system-out/>
</testsuite> <!-- api.test.UserTest -->
