<?xml version="1.0" encoding="UTF-8"?>
<!-- Generated by org.testng.reporters.JUnitReportReporter -->
<testsuite hostname="DESKTOP-NQ2L7NS" failures="0" tests="4" name="api.test.UserTest" time="8.493" errors="0" timestamp="2024-06-20T13:04:01 IST" skipped="0">
  <testcase classname="api.test.UserTest" name="postuser" time="3.202"/>
  <testcase classname="api.test.UserTest" name="getuser" time="1.400"/>
  <testcase classname="api.test.UserTest" name="updateuser" time="2.607"/>
  <testcase classname="api.test.UserTest" name="deleteuser" time="1.284"/>
</testsuite> <!-- api.test.UserTest -->
